c:\temp\02_study\computationalgeometry\05-sketcher\geomvector\ogl\x64\debug\vc142.pdb
c:\temp\02_study\computationalgeometry\05-sketcher\geomvector\ogl\x64\debug\vc142.idb
c:\temp\02_study\computationalgeometry\05-sketcher\geomvector\ogl\x64\debug\ogl.obj
c:\temp\02_study\computationalgeometry\05-sketcher\geomvector\ogl\x64\debug\ogl.ilk
c:\temp\02_study\computationalgeometry\05-sketcher\geomvector\x64\debug\ogl.exe
c:\temp\02_study\computationalgeometry\05-sketcher\geomvector\x64\debug\ogl.pdb
c:\temp\02_study\computationalgeometry\05-sketcher\geomvector\ogl\x64\debug\ogl.res
c:\temp\02_study\computationalgeometry\05-sketcher\ogl\x64\debug\ogl.obj
c:\temp\02_study\computationalgeometry\05-sketcher\ogl\x64\debug\ogl.ilk
c:\temp\02_study\computationalgeometry\05-sketcher\ogl\x64\debug\ogl.res
c:\temp\02_study\computationalgeometry\05-sketcher\ogl\x64\debug\vc142.idb
c:\temp\02_study\computationalgeometry\05-sketcher\ogl\x64\debug\vc142.pdb
c:\temp\02_study\computationalgeometry\05-sketcher\x64\debug\ogl.pdb
c:\temp\02_study\computationalgeometry\05-sketcher\x64\debug\ogl.exe
c:\temp\02_study\computationalgeometry\05-sketcher\ogl\x64\debug\ogl.tlog\cl.command.1.tlog
c:\temp\02_study\computationalgeometry\05-sketcher\ogl\x64\debug\ogl.tlog\cl.read.1.tlog
c:\temp\02_study\computationalgeometry\05-sketcher\ogl\x64\debug\ogl.tlog\cl.write.1.tlog
c:\temp\02_study\computationalgeometry\05-sketcher\ogl\x64\debug\ogl.tlog\link.command.1.tlog
c:\temp\02_study\computationalgeometry\05-sketcher\ogl\x64\debug\ogl.tlog\link.read.1.tlog
c:\temp\02_study\computationalgeometry\05-sketcher\ogl\x64\debug\ogl.tlog\link.write.1.tlog
c:\temp\02_study\computationalgeometry\05-sketcher\ogl\x64\debug\ogl.tlog\rc.command.1.tlog
c:\temp\02_study\computationalgeometry\05-sketcher\ogl\x64\debug\ogl.tlog\rc.read.1.tlog
c:\temp\02_study\computationalgeometry\05-sketcher\ogl\x64\debug\ogl.tlog\rc.write.1.tlog
