c:\temp\02_study\computationalgeometry\05-sketcher\geomvector\geometry\x64\debug\vc142.pdb
c:\temp\02_study\computationalgeometry\05-sketcher\geomvector\geometry\x64\debug\vc142.idb
c:\temp\02_study\computationalgeometry\05-sketcher\geomvector\geometry\x64\debug\vector.obj
c:\temp\02_study\computationalgeometry\05-sketcher\geomvector\geometry\x64\debug\surface.obj
c:\temp\02_study\computationalgeometry\05-sketcher\geomvector\geometry\x64\debug\point.obj
c:\temp\02_study\computationalgeometry\05-sketcher\geomvector\geometry\x64\debug\pch.obj
c:\temp\02_study\computationalgeometry\05-sketcher\geomvector\geometry\x64\debug\line.obj
c:\temp\02_study\computationalgeometry\05-sketcher\geomvector\geometry\x64\debug\dllmain.obj
c:\temp\02_study\computationalgeometry\05-sketcher\geomvector\geometry\x64\debug\curve.obj
c:\temp\02_study\computationalgeometry\05-sketcher\geomvector\geometry\x64\debug\circle.obj
c:\temp\02_study\computationalgeometry\05-sketcher\geomvector\geometry\x64\debug\geometry.ilk
c:\temp\02_study\computationalgeometry\05-sketcher\geomvector\x64\debug\geometry.dll
c:\temp\02_study\computationalgeometry\05-sketcher\geomvector\x64\debug\geometry.pdb
c:\temp\02_study\computationalgeometry\05-sketcher\geometry\x64\debug\circle.obj
c:\temp\02_study\computationalgeometry\05-sketcher\geometry\x64\debug\curve.obj
c:\temp\02_study\computationalgeometry\05-sketcher\geometry\x64\debug\dllmain.obj
c:\temp\02_study\computationalgeometry\05-sketcher\geometry\x64\debug\line.obj
c:\temp\02_study\computationalgeometry\05-sketcher\geometry\x64\debug\pch.obj
c:\temp\02_study\computationalgeometry\05-sketcher\geometry\x64\debug\point.obj
c:\temp\02_study\computationalgeometry\05-sketcher\geometry\x64\debug\surface.obj
c:\temp\02_study\computationalgeometry\05-sketcher\geometry\x64\debug\vector.obj
c:\temp\02_study\computationalgeometry\05-sketcher\geometry\x64\debug\geometry.ilk
c:\temp\02_study\computationalgeometry\05-sketcher\geometry\x64\debug\vc142.idb
c:\temp\02_study\computationalgeometry\05-sketcher\geometry\x64\debug\vc142.pdb
c:\temp\02_study\computationalgeometry\05-sketcher\x64\debug\geometry.pdb
c:\temp\02_study\computationalgeometry\05-sketcher\x64\debug\geometry.dll
c:\temp\02_study\computationalgeometry\05-sketcher\geometry\x64\debug\geometry.tlog\cl.command.1.tlog
c:\temp\02_study\computationalgeometry\05-sketcher\geometry\x64\debug\geometry.tlog\cl.read.1.tlog
c:\temp\02_study\computationalgeometry\05-sketcher\geometry\x64\debug\geometry.tlog\cl.write.1.tlog
c:\temp\02_study\computationalgeometry\05-sketcher\geometry\x64\debug\geometry.tlog\link.command.1.tlog
c:\temp\02_study\computationalgeometry\05-sketcher\geometry\x64\debug\geometry.tlog\link.read.1.tlog
c:\temp\02_study\computationalgeometry\05-sketcher\geometry\x64\debug\geometry.tlog\link.write.1.tlog
