  Circle.cpp
C:\Temp\02_Study\ComputationalGeometry\05-Sketcher\GeomVector\GeomVector\Common.h(56,25): warning C4244: 'return': conversion from 'double' to 'float', possible loss of data
  Curve.cpp
C:\Temp\02_Study\ComputationalGeometry\05-Sketcher\GeomVector\GeomVector\Common.h(56,25): warning C4244: 'return': conversion from 'double' to 'float', possible loss of data
C:\Temp\02_Study\ComputationalGeometry\05-Sketcher\GeomVector\GeomVector\Curve.cpp(10,13): warning C4244: 'initializing': conversion from 'double' to 'int', possible loss of data
C:\Temp\02_Study\ComputationalGeometry\05-Sketcher\GeomVector\GeomVector\Curve.cpp(10,36): warning C4244: '=': conversion from 'double' to 'int', possible loss of data
  dllMain.cpp
  Line.cpp
C:\Temp\02_Study\ComputationalGeometry\05-Sketcher\GeomVector\GeomVector\Common.h(56,25): warning C4244: 'return': conversion from 'double' to 'float', possible loss of data
  Point.cpp
C:\Temp\02_Study\ComputationalGeometry\05-Sketcher\GeomVector\GeomVector\Common.h(56,25): warning C4244: 'return': conversion from 'double' to 'float', possible loss of data
C:\Temp\02_Study\ComputationalGeometry\05-Sketcher\GeomVector\GeomVector\Point.cpp(13,18): warning C4244: 'argument': conversion from 'double' to 'coordinate_type', possible loss of data
          with
          [
              coordinate_type=float
          ]
C:\Temp\02_Study\ComputationalGeometry\05-Sketcher\GeomVector\GeomVector\Point.cpp(14,18): warning C4244: 'argument': conversion from 'double' to 'coordinate_type', possible loss of data
          with
          [
              coordinate_type=float
          ]
C:\Temp\02_Study\ComputationalGeometry\05-Sketcher\GeomVector\GeomVector\Point.cpp(15,18): warning C4244: 'argument': conversion from 'double' to 'coordinate_type', possible loss of data
          with
          [
              coordinate_type=float
          ]
C:\Temp\02_Study\ComputationalGeometry\05-Sketcher\GeomVector\GeomVector\Point.cpp(25,23): warning C4244: 'argument': conversion from 'double' to 'coordinate_type', possible loss of data
          with
          [
              coordinate_type=float
          ]
C:\Temp\02_Study\ComputationalGeometry\05-Sketcher\GeomVector\GeomVector\Point.cpp(36,19): warning C4244: 'argument': conversion from 'double' to 'coordinate_type', possible loss of data
          with
          [
              coordinate_type=float
          ]
  Surface.cpp
  Vector.cpp
C:\Temp\02_Study\ComputationalGeometry\05-Sketcher\GeomVector\GeomVector\Common.h(56,25): warning C4244: 'return': conversion from 'double' to 'float', possible loss of data
  Generating Code...
MSVCRTD.lib(exe_main.obj) : error LNK2019: unresolved external symbol _main referenced in function "int __cdecl invoke_main(void)" (?invoke_main@@YAHXZ)
C:\Temp\02_Study\ComputationalGeometry\05-Sketcher\GeomVector\Debug\GeomVector.exe : fatal error LNK1120: 1 unresolved externals
