c:\temp\02_study\computationalgeometry\05-sketcher\geomvector\stlimporter\x64\debug\stlimporter.pch
c:\temp\02_study\computationalgeometry\05-sketcher\geomvector\stlimporter\x64\debug\vc142.pdb
c:\temp\02_study\computationalgeometry\05-sketcher\geomvector\stlimporter\x64\debug\vc142.idb
c:\temp\02_study\computationalgeometry\05-sketcher\geomvector\stlimporter\x64\debug\pch.obj
c:\temp\02_study\computationalgeometry\05-sketcher\geomvector\stlimporter\x64\debug\stlimporter.obj
c:\temp\02_study\computationalgeometry\05-sketcher\geomvector\stlimporter\x64\debug\dllmain.obj
c:\temp\02_study\computationalgeometry\05-sketcher\geomvector\stlimporter\x64\debug\stlimporter.ilk
c:\temp\02_study\computationalgeometry\05-sketcher\geomvector\x64\debug\stlimporter.dll
c:\temp\02_study\computationalgeometry\05-sketcher\geomvector\x64\debug\stlimporter.pdb
c:\temp\02_study\computationalgeometry\05-sketcher\stlimporter\x64\debug\dllmain.obj
c:\temp\02_study\computationalgeometry\05-sketcher\stlimporter\x64\debug\pch.obj
c:\temp\02_study\computationalgeometry\05-sketcher\stlimporter\x64\debug\stlimporter.obj
c:\temp\02_study\computationalgeometry\05-sketcher\stlimporter\x64\debug\stlimporter.ilk
c:\temp\02_study\computationalgeometry\05-sketcher\stlimporter\x64\debug\stlimporter.pch
c:\temp\02_study\computationalgeometry\05-sketcher\stlimporter\x64\debug\vc142.idb
c:\temp\02_study\computationalgeometry\05-sketcher\stlimporter\x64\debug\vc142.pdb
c:\temp\02_study\computationalgeometry\05-sketcher\x64\debug\stlimporter.pdb
c:\temp\02_study\computationalgeometry\05-sketcher\x64\debug\stlimporter.dll
c:\temp\02_study\computationalgeometry\05-sketcher\stlimporter\x64\debug\stlimporter.tlog\cl.command.1.tlog
c:\temp\02_study\computationalgeometry\05-sketcher\stlimporter\x64\debug\stlimporter.tlog\cl.read.1.tlog
c:\temp\02_study\computationalgeometry\05-sketcher\stlimporter\x64\debug\stlimporter.tlog\cl.write.1.tlog
c:\temp\02_study\computationalgeometry\05-sketcher\stlimporter\x64\debug\stlimporter.tlog\link.command.1.tlog
c:\temp\02_study\computationalgeometry\05-sketcher\stlimporter\x64\debug\stlimporter.tlog\link.read.1.tlog
c:\temp\02_study\computationalgeometry\05-sketcher\stlimporter\x64\debug\stlimporter.tlog\link.write.1.tlog
